Line 170: Class MediaPlayerCtl.MediaPlayer of control MediaPlayer1 was not a loaded control class.
Line 176: The property name AudioStream in MediaPlayer1 is invalid.
Line 178: The property name AutoStart in MediaPlayer1 is invalid.
Line 179: The property name AnimationAtStart in MediaPlayer1 is invalid.
Line 180: The property name AllowScan in MediaPlayer1 is invalid.
Line 181: The property name AllowChangeDisplaySize in MediaPlayer1 is invalid.
Line 182: The property name AutoRewind in MediaPlayer1 is invalid.
Line 183: The property name Balance in MediaPlayer1 is invalid.
Line 184: The property name BaseURL in MediaPlayer1 is invalid.
Line 185: The property name BufferingTime in MediaPlayer1 is invalid.
Line 186: The property name CaptioningID in MediaPlayer1 is invalid.
Line 187: The property name ClickToPlay in MediaPlayer1 is invalid.
Line 188: The property name CursorType in MediaPlayer1 is invalid.
Line 189: The property name CurrentPosition in MediaPlayer1 is invalid.
Line 190: The property name CurrentMarker in MediaPlayer1 is invalid.
Line 191: The property name DefaultFrame in MediaPlayer1 is invalid.
Line 192: The property name DisplayBackColor in MediaPlayer1 is invalid.
Line 193: The property name DisplayForeColor in MediaPlayer1 is invalid.
Line 194: The property name DisplayMode in MediaPlayer1 is invalid.
Line 195: The property name DisplaySize in MediaPlayer1 is invalid.
Line 197: The property name EnableContextMenu in MediaPlayer1 is invalid.
Line 198: The property name EnablePositionControls in MediaPlayer1 is invalid.
Line 199: The property name EnableFullScreenControls in MediaPlayer1 is invalid.
Line 200: The property name EnableTracker in MediaPlayer1 is invalid.
Line 201: The property name Filename in MediaPlayer1 is invalid.
Line 202: The property name InvokeURLs in MediaPlayer1 is invalid.
Line 203: The property name Language in MediaPlayer1 is invalid.
Line 204: The property name Mute in MediaPlayer1 is invalid.
Line 205: The property name PlayCount in MediaPlayer1 is invalid.
Line 206: The property name PreviewMode in MediaPlayer1 is invalid.
Line 207: The property name Rate in MediaPlayer1 is invalid.
Line 208: The property name SAMILang in MediaPlayer1 is invalid.
Line 209: The property name SAMIStyle in MediaPlayer1 is invalid.
Line 210: The property name SAMIFileName in MediaPlayer1 is invalid.
Line 211: The property name SelectionStart in MediaPlayer1 is invalid.
Line 212: The property name SelectionEnd in MediaPlayer1 is invalid.
Line 213: The property name SendOpenStateChangeEvents in MediaPlayer1 is invalid.
Line 214: The property name SendWarningEvents in MediaPlayer1 is invalid.
Line 215: The property name SendErrorEvents in MediaPlayer1 is invalid.
Line 216: The property name SendKeyboardEvents in MediaPlayer1 is invalid.
Line 217: The property name SendMouseClickEvents in MediaPlayer1 is invalid.
Line 218: The property name SendMouseMoveEvents in MediaPlayer1 is invalid.
Line 219: The property name SendPlayStateChangeEvents in MediaPlayer1 is invalid.
Line 220: The property name ShowCaptioning in MediaPlayer1 is invalid.
Line 221: The property name ShowControls in MediaPlayer1 is invalid.
Line 222: The property name ShowAudioControls in MediaPlayer1 is invalid.
Line 223: The property name ShowDisplay in MediaPlayer1 is invalid.
Line 224: The property name ShowGotoBar in MediaPlayer1 is invalid.
Line 225: The property name ShowPositionControls in MediaPlayer1 is invalid.
Line 226: The property name ShowStatusBar in MediaPlayer1 is invalid.
Line 227: The property name ShowTracker in MediaPlayer1 is invalid.
Line 228: The property name TransparentAtStart in MediaPlayer1 is invalid.
Line 229: The property name VideoBorderWidth in MediaPlayer1 is invalid.
Line 230: The property name VideoBorderColor in MediaPlayer1 is invalid.
Line 231: The property name VideoBorder3D in MediaPlayer1 is invalid.
Line 232: The property name Volume in MediaPlayer1 is invalid.
Line 233: The property name WindowlessVideo in MediaPlayer1 is invalid.
Line 176: The property name AudioStream in MediaPlayer1 is invalid.
Line 178: The property name AutoStart in MediaPlayer1 is invalid.
Line 179: The property name AnimationAtStart in MediaPlayer1 is invalid.
Line 180: The property name AllowScan in MediaPlayer1 is invalid.
Line 181: The property name AllowChangeDisplaySize in MediaPlayer1 is invalid.
Line 182: The property name AutoRewind in MediaPlayer1 is invalid.
Line 183: The property name Balance in MediaPlayer1 is invalid.
Line 184: The property name BaseURL in MediaPlayer1 is invalid.
Line 185: The property name BufferingTime in MediaPlayer1 is invalid.
Line 186: The property name CaptioningID in MediaPlayer1 is invalid.
Line 187: The property name ClickToPlay in MediaPlayer1 is invalid.
Line 188: The property name CursorType in MediaPlayer1 is invalid.
Line 189: The property name CurrentPosition in MediaPlayer1 is invalid.
Line 190: The property name CurrentMarker in MediaPlayer1 is invalid.
Line 191: The property name DefaultFrame in MediaPlayer1 is invalid.
Line 192: The property name DisplayBackColor in MediaPlayer1 is invalid.
Line 193: The property name DisplayForeColor in MediaPlayer1 is invalid.
Line 194: The property name DisplayMode in MediaPlayer1 is invalid.
Line 195: The property name DisplaySize in MediaPlayer1 is invalid.
Line 197: The property name EnableContextMenu in MediaPlayer1 is invalid.
Line 198: The property name EnablePositionControls in MediaPlayer1 is invalid.
Line 199: The property name EnableFullScreenControls in MediaPlayer1 is invalid.
Line 200: The property name EnableTracker in MediaPlayer1 is invalid.
Line 201: The property name Filename in MediaPlayer1 is invalid.
Line 202: The property name InvokeURLs in MediaPlayer1 is invalid.
Line 203: The property name Language in MediaPlayer1 is invalid.
Line 204: The property name Mute in MediaPlayer1 is invalid.
Line 205: The property name PlayCount in MediaPlayer1 is invalid.
Line 206: The property name PreviewMode in MediaPlayer1 is invalid.
Line 207: The property name Rate in MediaPlayer1 is invalid.
Line 208: The property name SAMILang in MediaPlayer1 is invalid.
Line 209: The property name SAMIStyle in MediaPlayer1 is invalid.
Line 210: The property name SAMIFileName in MediaPlayer1 is invalid.
Line 211: The property name SelectionStart in MediaPlayer1 is invalid.
Line 212: The property name SelectionEnd in MediaPlayer1 is invalid.
Line 213: The property name SendOpenStateChangeEvents in MediaPlayer1 is invalid.
Line 214: The property name SendWarningEvents in MediaPlayer1 is invalid.
Line 215: The property name SendErrorEvents in MediaPlayer1 is invalid.
Line 216: The property name SendKeyboardEvents in MediaPlayer1 is invalid.
Line 217: The property name SendMouseClickEvents in MediaPlayer1 is invalid.
Line 218: The property name SendMouseMoveEvents in MediaPlayer1 is invalid.
Line 219: The property name SendPlayStateChangeEvents in MediaPlayer1 is invalid.
Line 220: The property name ShowCaptioning in MediaPlayer1 is invalid.
Line 221: The property name ShowControls in MediaPlayer1 is invalid.
Line 222: The property name ShowAudioControls in MediaPlayer1 is invalid.
Line 223: The property name ShowDisplay in MediaPlayer1 is invalid.
Line 224: The property name ShowGotoBar in MediaPlayer1 is invalid.
Line 225: The property name ShowPositionControls in MediaPlayer1 is invalid.
Line 226: The property name ShowStatusBar in MediaPlayer1 is invalid.
Line 227: The property name ShowTracker in MediaPlayer1 is invalid.
Line 228: The property name TransparentAtStart in MediaPlayer1 is invalid.
Line 229: The property name VideoBorderWidth in MediaPlayer1 is invalid.
Line 230: The property name VideoBorderColor in MediaPlayer1 is invalid.
Line 231: The property name VideoBorder3D in MediaPlayer1 is invalid.
Line 232: The property name Volume in MediaPlayer1 is invalid.
Line 233: The property name WindowlessVideo in MediaPlayer1 is invalid.
